05-06 17:17:43 model_name: Net_v2301
05-06 17:17:43 data_name: leak_signals
05-06 17:17:43 data_dir: D:\Transfer-Learning-Based-Fine-Tuning-for-Pipeline-Leakage-Detection-Modeling\data\leak_signals
05-06 17:17:43 transfer_task: [[3], [0], [1], [2]]
05-06 17:17:43 task: 3-012
05-06 17:17:43 note: no.1,3,5    数据增强改动 原始:(-100,400),(0.5,1.5)     [1,1,1,1] bs=128,2    senet + co-atten
05-06 17:17:43 normlizetype: mean-std
05-06 17:17:43 set_input: train=T,target=F
05-06 17:17:43 eval_test_all: True
05-06 17:17:43 adabn: False
05-06 17:17:43 eval_all: True
05-06 17:17:43 adabn_epochs: 3
05-06 17:17:43 max_epoch: 200
05-06 17:17:43 print_step: 600
05-06 17:17:43 cuda_device: 0
05-06 17:17:43 checkpoint_dir: .\checkpoint_adabn
05-06 17:17:43 pretrained: False
05-06 17:17:43 batch_size: 32
05-06 17:17:43 num_workers: 0
05-06 17:17:43 source_num_classes: 12
05-06 17:17:43 target_num_classes: 12
05-06 17:17:43 opt: adam
05-06 17:17:43 lr: 0.001
05-06 17:17:43 momentum: 0.9
05-06 17:17:43 weight_decay: 1e-05
05-06 17:17:43 lr_scheduler: stepLR
05-06 17:17:43 gamma: 0.66
05-06 17:17:43 steps: 50
